# JRE version: Java(TM) SE Runtime Environment (8.0_101-b13) (build 1.8.0_101-b13)
# Java VM: Java HotSpot(TM) 64-Bit Server VM (25.101-b13 mixed mode linux-amd64 compressed oops)
Heap:
 PSYoungGen      total 74752K, used 44568K [0x000000076cb00000, 0x0000000775d00000, 0x00000007c0000000)
  eden space 64512K, 59% used [0x000000076cb00000,0x000000076f02df10,0x0000000770a00000)
  from space 10240K, 63% used [0x0000000771400000,0x0000000771a58330,0x0000000771e00000)
  to   space 10240K, 0% used [0x0000000770a00000,0x0000000770a00000,0x0000000771400000)
 ParOldGen       total 171008K, used 88K [0x00000006c6000000, 0x00000006d0700000, 0x000000076cb00000)
  object space 171008K, 0% used [0x00000006c6000000,0x00000006c6016010,0x00000006d0700000)
 Metaspace       used 15888K, capacity 15982K, committed 16256K, reserved 1062912K
  class space    used 1859K, capacity 1875K, committed 1920K, reserved 1048576K
GC Heap History (4 events):
Event: 0,893 GC heap before
{Heap before GC invocations=1 (full 0):
 PSYoungGen      total 74752K, used 64512K [0x000000076cb00000, 0x0000000771e00000, 0x00000007c0000000)
  eden space 64512K, 100% used [0x000000076cb00000,0x0000000770a00000,0x0000000770a00000)
  from space 10240K, 0% used [0x0000000771400000,0x0000000771400000,0x0000000771e00000)
  to   space 10240K, 0% used [0x0000000770a00000,0x0000000770a00000,0x0000000771400000)
 ParOldGen       total 171008K, used 0K [0x00000006c6000000, 0x00000006d0700000, 0x000000076cb00000)
  object space 171008K, 0% used [0x00000006c6000000,0x00000006c6000000,0x00000006d0700000)
 Metaspace       used 11173K, capacity 11292K, committed 11520K, reserved 1058816K
  class space    used 1376K, capacity 1424K, committed 1536K, reserved 1048576K
Event: 0,902 GC heap after
Heap after GC invocations=1 (full 0):
 PSYoungGen      total 74752K, used 9504K [0x000000076cb00000, 0x0000000771e00000, 0x00000007c0000000)
  eden space 64512K, 0% used [0x000000076cb00000,0x000000076cb00000,0x0000000770a00000)
  from space 10240K, 92% used [0x0000000770a00000,0x0000000771348230,0x0000000771400000)
  to   space 10240K, 0% used [0x0000000771400000,0x0000000771400000,0x0000000771e00000)
 ParOldGen       total 171008K, used 80K [0x00000006c6000000, 0x00000006d0700000, 0x000000076cb00000)
  object space 171008K, 0% used [0x00000006c6000000,0x00000006c6014010,0x00000006d0700000)
 Metaspace       used 11173K, capacity 11292K, committed 11520K, reserved 1058816K
  class space    used 1376K, capacity 1424K, committed 1536K, reserved 1048576K
}
Event: 1,371 GC heap before
{Heap before GC invocations=2 (full 0):
 PSYoungGen      total 74752K, used 74016K [0x000000076cb00000, 0x0000000771e00000, 0x00000007c0000000)
  eden space 64512K, 100% used [0x000000076cb00000,0x0000000770a00000,0x0000000770a00000)
  from space 10240K, 92% used [0x0000000770a00000,0x0000000771348230,0x0000000771400000)
  to   space 10240K, 0% used [0x0000000771400000,0x0000000771400000,0x0000000771e00000)
 ParOldGen       total 171008K, used 80K [0x00000006c6000000, 0x00000006d0700000, 0x000000076cb00000)
  object space 171008K, 0% used [0x00000006c6000000,0x00000006c6014010,0x00000006d0700000)
 Metaspace       used 11830K, capacity 11906K, committed 12288K, reserved 1060864K
  class space    used 1436K, capacity 1457K, committed 1536K, reserved 1048576K
Event: 1,378 GC heap after
Heap after GC invocations=2 (full 0):
 PSYoungGen      total 74752K, used 6496K [0x000000076cb00000, 0x0000000775d00000, 0x00000007c0000000)
  eden space 64512K, 0% used [0x000000076cb00000,0x000000076cb00000,0x0000000770a00000)
  from space 10240K, 63% used [0x0000000771400000,0x0000000771a58330,0x0000000771e00000)
  to   space 10240K, 0% used [0x0000000770a00000,0x0000000770a00000,0x0000000771400000)
 ParOldGen       total 171008K, used 88K [0x00000006c6000000, 0x00000006d0700000, 0x000000076cb00000)
  object space 171008K, 0% used [0x00000006c6000000,0x00000006c6016010,0x00000006d0700000)
 Metaspace       used 11830K, capacity 11906K, committed 12288K, reserved 1060864K
  class space    used 1436K, capacity 1457K, committed 1536K, reserved 1048576K
}

